<?xml version="1.0" encoding="UTF-8"?>
<!-- Generated by org.testng.reporters.JUnitXMLReporter -->
<testsuite ignored="2" hostname="DESKTOP-6CV4G98" failures="0" tests="3" name="Test" time="3.806" errors="0" timestamp="2023-01-18T09:31:56 IST">
  <testcase classname="tests.LoginTest" name="verifyPageTitle" time="0.015"/>
  <testcase classname="tests.LoginTest" name="login" time="0.747"/>
  <testcase classname="tests.HomeTest" name="logout" time="2.944"/>
  <testcase classname="tests.BaseTest" name="@BeforeSuite initalization" time="0.0">
    <ignored/>
  </testcase> <!-- @BeforeSuite initalization -->
  <testcase classname="tests.BaseTest" name="@AfterSuite tearDown" time="0.0">
    <ignored/>
  </testcase> <!-- @AfterSuite tearDown -->
</testsuite> <!-- Test -->
