<?xml version="1.0" encoding="UTF-8"?>
<testng-results ignored="2" total="5" passed="3" failed="0" skipped="0">
  <reporter-output>
    <line>
      <![CDATA[Verified login page title]]>
    </line>
    <line>
      <![CDATA[entered username]]>
    </line>
    <line>
      <![CDATA[entered password]]>
    </line>
    <line>
      <![CDATA[Click on Login]]>
    </line>
    <line>
      <![CDATA[Verified dashboard tab present]]>
    </line>
    <line>
      <![CDATA[Clicked on profile]]>
    </line>
    <line>
      <![CDATA[Clicked on logout]]>
    </line>
  </reporter-output>
  <suite started-at="2023-01-18T09:53:10 IST" name="Suite" finished-at="2023-01-18T09:53:15 IST" duration-ms="4206">
    <groups>
    </groups>
    <test started-at="2023-01-18T09:53:10 IST" name="Test" finished-at="2023-01-18T09:53:15 IST" duration-ms="4206">
      <class name="tests.LoginTest">
        <test-method is-config="true" signature="initalization()[pri:0, instance:tests.LoginTest@7e057f43]" started-at="2023-01-18T09:53:04 IST" name="initalization" finished-at="2023-01-18T09:53:10 IST" duration-ms="6699" status="PASS">
          <reporter-output>
          </reporter-output>
        </test-method> <!-- initalization -->
        <test-method is-config="true" signature="init()[pri:0, instance:tests.LoginTest@7e057f43]" started-at="2023-01-18T09:53:10 IST" name="init" finished-at="2023-01-18T09:53:10 IST" duration-ms="34" status="PASS">
          <reporter-output>
          </reporter-output>
        </test-method> <!-- init -->
        <test-method signature="verifyPageTitle()[pri:1, instance:tests.LoginTest@7e057f43]" started-at="2023-01-18T09:53:11 IST" name="verifyPageTitle" finished-at="2023-01-18T09:53:11 IST" duration-ms="46" status="PASS">
          <reporter-output>
            <line>
              <![CDATA[Verified login page title]]>
            </line>
          </reporter-output>
        </test-method> <!-- verifyPageTitle -->
        <test-method signature="login()[pri:2, instance:tests.LoginTest@7e057f43]" started-at="2023-01-18T09:53:11 IST" name="login" finished-at="2023-01-18T09:53:11 IST" duration-ms="862" status="PASS">
          <reporter-output>
            <line>
              <![CDATA[entered username]]>
            </line>
            <line>
              <![CDATA[entered password]]>
            </line>
            <line>
              <![CDATA[Click on Login]]>
            </line>
          </reporter-output>
        </test-method> <!-- login -->
        <test-method is-config="true" signature="tearDown()[pri:0, instance:tests.LoginTest@7e057f43]" started-at="2023-01-18T09:53:15 IST" name="tearDown" finished-at="2023-01-18T09:53:15 IST" duration-ms="110" status="PASS">
          <reporter-output>
          </reporter-output>
        </test-method> <!-- tearDown -->
      </class> <!-- tests.LoginTest -->
      <class name="tests.HomeTest">
        <test-method is-config="true" signature="init()[pri:0, instance:tests.HomeTest@221a3fa4]" started-at="2023-01-18T09:53:11 IST" name="init" finished-at="2023-01-18T09:53:11 IST" duration-ms="4" status="PASS">
          <reporter-output>
          </reporter-output>
        </test-method> <!-- init -->
        <test-method signature="logout()[pri:0, instance:tests.HomeTest@221a3fa4]" started-at="2023-01-18T09:53:11 IST" name="logout" finished-at="2023-01-18T09:53:15 IST" duration-ms="3164" status="PASS">
          <reporter-output>
            <line>
              <![CDATA[Verified dashboard tab present]]>
            </line>
            <line>
              <![CDATA[Clicked on profile]]>
            </line>
            <line>
              <![CDATA[Clicked on logout]]>
            </line>
          </reporter-output>
        </test-method> <!-- logout -->
      </class> <!-- tests.HomeTest -->
    </test> <!-- Test -->
  </suite> <!-- Suite -->
</testng-results>
